<?xml version="1.0" encoding="UTF-8" ?>
<testsuite errors="1" failures="0" hostname="DESKTOP-J4K0AHG" name="SearchMinor" skipped="0" tests="1" time="24.44" timestamp="2020-04-28T08:17:56">
  <properties>
    <property name="ant.library.dir" value="C:\Users\Kevin_Hanson\.p2\pool\plugins\org.apache.ant_1.10.7.v20190926-0324\lib" />
    <property name="env.NUMBER_OF_PROCESSORS" value="4" />
    <property name="env.USERPROFILE" value="C:\Users\Kevin_Hanson" />
    <property name="java.specification.version" value="13" />
    <property name="ant.project.name" value="test-webapp" />
    <property name="sun.cpu.isalist" value="amd64" />
    <property name="sun.jnu.encoding" value="Cp1252" />
    <property name="sun.arch.data.model" value="64" />
    <property name="debuglevel" value="source,lines,vars" />
    <property name="env.FPS_BROWSER_APP_PROFILE_STRING" value="Internet Explorer" />
    <property name="java.vendor.url" value="https://java.oracle.com/" />
    <property name="env.CommonProgramW6432" value="C:\Program Files\Common Files" />
    <property name="env.OS" value="Windows_NT" />
    <property name="env.SOPC_KIT_NIOS2" value="C:\intelFPGA_lite\17.1\nios2eds" />
    <property name="sun.boot.library.path" value="C:\Program Files\Java\jdk-13.0.2\bin" />
    <property name="sun.java.command" value="org.apache.tools.ant.taskdefs.optional.junit.JUnitTestRunner SearchMinor skipNonTests=false filtertrace=true haltOnError=false haltOnFailure=false formatter=org.apache.tools.ant.taskdefs.optional.junit.OutErrSummaryJUnitResultFormatter showoutput=false outputtoformatters=true logfailedtests=true threadid=0 logtestlistenerevents=false formatter=org.apache.tools.ant.taskdefs.optional.junit.XMLJUnitResultFormatter,C:\Users\Kevin_Hanson\Desktop\webapp_tests\test-webapp\junit\TEST-SearchMinor.xml crashfile=C:\Users\Kevin_Hanson\Desktop\webapp_tests\test-webapp\junitvmwatcher5714865830436027800.properties propsfile=C:\Users\Kevin_Hanson\Desktop\webapp_tests\test-webapp\junit132078327590787626.properties" />
    <property name="jdk.debug" value="release" />
    <property name="env.ComSpec" value="C:\WINDOWS\system32\cmd.exe" />
    <property name="eclipse.pdebuild.templates" value="C:\Users\Kevin_Hanson\eclipse\jee-2019-12\eclipse\..\..\..\.p2\pool\plugins\org.eclipse.pde.build_3.10.600.v20191011-0535\templates" />
    <property name="java.specification.vendor" value="Oracle Corporation" />
    <property name="java.version.date" value="2020-01-14" />
    <property name="env.JAVA_HOME" value="C:\Program Files (x86)\Java\jdk1.8.0_101\jdk-13.0.2" />
    <property name="java.home" value="C:\Program Files\Java\jdk-13.0.2" />
    <property name="file.separator" value="\" />
    <property name="basedir" value="C:\Users\Kevin_Hanson\Desktop\webapp_tests\test-webapp" />
    <property name="env.ProgramFiles" value="C:\Program Files" />
    <property name="java.vm.compressedOopsMode" value="Zero based" />
    <property name="line.separator" value="&#xd;&#xa;" />
    <property name="env.PROMPT" value="$P$G" />
    <property name="java.specification.name" value="Java Platform API Specification" />
    <property name="java.vm.specification.vendor" value="Oracle Corporation" />
    <property name="env.CPLEX_STUDIO_BINARIES129" value="C:\Program Files\IBM\ILOG\CPLEX_Studio129\opl\bin\x64_win64;C:\Program Files\IBM\ILOG\CPLEX_Studio129\opl\oplide\;C:\Program Files\IBM\ILOG\CPLEX_Studio129\cplex\bin\x64_win64;C:\Program Files\IBM\ILOG\CPLEX_Studio129\cpoptimizer\bin\x64_win64" />
    <property name="env.LOCALAPPDATA" value="C:\Users\Kevin_Hanson\AppData\Local" />
    <property name="env.USERDOMAIN_ROAMINGPROFILE" value="DESKTOP-J4K0AHG" />
    <property name="env.PROCESSOR_REVISION" value="4e03" />
    <property name="user.script" value="" />
    <property name="env.PSModulePath" value="C:\Program Files\WindowsPowerShell\Modules;C:\WINDOWS\system32\WindowsPowerShell\v1.0\Modules" />
    <property name="ant.file.type.test-webapp" value="file" />
    <property name="sun.management.compiler" value="HotSpot 64-Bit Tiered Compilers" />
    <property name="env.PROCESSOR_IDENTIFIER" value="Intel64 Family 6 Model 78 Stepping 3, GenuineIntel" />
    <property name="java.runtime.version" value="13.0.2+8" />
    <property name="user.name" value="Kevin_Hanson" />
    <property name="env.ProgramW6432" value="C:\Program Files" />
    <property name="env.DriverData" value="C:\Windows\System32\Drivers\DriverData" />
    <property name="env.CommonProgramFiles" value="C:\Program Files\Common Files" />
    <property name="env.PUBLIC" value="C:\Users\Public" />
    <property name="file.encoding" value="Cp1252" />
    <property name="env.COMPUTERNAME" value="DESKTOP-J4K0AHG" />
    <property name="env.HOMEPATH" value="\Users\Kevin_Hanson" />
    <property name="env.SystemDrive" value="C:" />
    <property name="env.APPDATA" value="C:\Users\Kevin_Hanson\AppData\Roaming" />
    <property name="env.ProgramData" value="C:\ProgramData" />
    <property name="java.io.tmpdir" value="C:\Users\KEVIN_~1\AppData\Local\Temp\" />
    <property name="env.QSYS_ROOTDIR" value="C:\intelFPGA_lite\17.1\quartus\sopc_builder\bin" />
    <property name="java.version" value="13.0.2" />
    <property name="env.Path" value="C:/Program Files/Java/jdk-13.0.2/bin/server;C:/Program Files/Java/jdk-13.0.2/bin;C:\Program Files\IBM\ILOG\CPLEX_Studio129\opl\bin\x64_win64;C:\Program Files\IBM\ILOG\CPLEX_Studio129\opl\oplide\;C:\Program Files\IBM\ILOG\CPLEX_Studio129\cplex\bin\x64_win64;C:\Program Files\IBM\ILOG\CPLEX_Studio129\cpoptimizer\bin\x64_win64;C:\Program Files (x86)\Common Files\Oracle\Java\javapath;C:\ProgramData\Oracle\Java\javapath;C:\Program Files (x86)\Intel\iCLS Client\;C:\Program Files\Intel\iCLS Client\;C:\Windows\system32;C:\Windows;C:\Windows\System32\Wbem;C:\Windows\System32\WindowsPowerShell\v1.0\;C:\Program Files (x86)\Intel\Intel(R) Management Engine Components\DAL;C:\Program Files\Intel\Intel(R) Management Engine Components\DAL;C:\Program Files (x86)\Intel\Intel(R) Management Engine Components\IPT;C:\Program Files\Intel\Intel(R) Management Engine Components\IPT;C:\Program Files (x86)\NVIDIA Corporation\PhysX\Common;C:\Program Files\Intel\WiFi\bin\;C:\Program Files\Common Files\Intel\WirelessCommon\;C:\WINDOWS\system32;C:\WINDOWS;C:\WINDOWS\System32\Wbem;C:\WINDOWS\System32\WindowsPowerShell\v1.0\;C:\WINDOWS\System32\OpenSSH\;C:\Program Files\PuTTY\;C:\Program Files (x86)\Java\jdk1.8.0_101\jdk-13.0.2\bin;C:\Users\Kevin_Hanson\AppData\Roaming\Dashlane\4.5.1.15044\bin\Firefox_Extension\{442718d9-475e-452a-b3e1-fb1ee16b8e9f}\components;C:\Users\Kevin_Hanson\AppData\Roaming\Dashlane\4.5.2.16147\bin\Firefox_Extension\{442718d9-475e-452a-b3e1-fb1ee16b8e9f}\components;C:\Users\Kevin_Hanson\AppData\Local\Microsoft\WindowsApps;C:\intelFPGA\17.1\modelsim_ase\win32aloem;C:\Users\Kevin_Hanson\AppData\Local\GitHubDesktop\bin;C:\Users\Kevin_Hanson\Desktop\School Folder;" />
    <property name="env.HOMEDRIVE" value="C:" />
    <property name="env.PROCESSOR_LEVEL" value="6" />
    <property name="env.QUARTUS_ROOTDIR" value="C:\intelFPGA_lite\17.1\quartus" />
    <property name="env.TMP" value="C:\Users\KEVIN_~1\AppData\Local\Temp" />
    <property name="java.vm.specification.name" value="Java Virtual Machine Specification" />
    <property name="ant.home" value="C:\Users\Kevin_Hanson\.p2\pool\plugins\org.apache.ant_1.10.7.v20190926-0324" />
    <property name="sun.os.patch.level" value="" />
    <property name="junit.output.dir" value="junit" />
    <property name="ant.version" value="Apache Ant(TM) version 1.10.7 compiled on September 1 2019" />
    <property name="eclipse.pdebuild.scripts" value="C:\Users\Kevin_Hanson\eclipse\jee-2019-12\eclipse\..\..\..\.p2\pool\plugins\org.eclipse.pde.build_3.10.600.v20191011-0535\scripts" />
    <property name="java.library.path" value="C:\Program Files\Java\jdk-13.0.2\bin;C:\WINDOWS\Sun\Java\bin;C:\WINDOWS\system32;C:\WINDOWS;C:/Program Files/Java/jdk-13.0.2/bin/server;C:/Program Files/Java/jdk-13.0.2/bin;C:\Program Files\IBM\ILOG\CPLEX_Studio129\opl\bin\x64_win64;C:\Program Files\IBM\ILOG\CPLEX_Studio129\opl\oplide\;C:\Program Files\IBM\ILOG\CPLEX_Studio129\cplex\bin\x64_win64;C:\Program Files\IBM\ILOG\CPLEX_Studio129\cpoptimizer\bin\x64_win64;C:\Program Files (x86)\Common Files\Oracle\Java\javapath;C:\ProgramData\Oracle\Java\javapath;C:\Program Files (x86)\Intel\iCLS Client\;C:\Program Files\Intel\iCLS Client\;C:\Windows\system32;C:\Windows;C:\Windows\System32\Wbem;C:\Windows\System32\WindowsPowerShell\v1.0\;C:\Program Files (x86)\Intel\Intel(R) Management Engine Components\DAL;C:\Program Files\Intel\Intel(R) Management Engine Components\DAL;C:\Program Files (x86)\Intel\Intel(R) Management Engine Components\IPT;C:\Program Files\Intel\Intel(R) Management Engine Components\IPT;C:\Program Files (x86)\NVIDIA Corporation\PhysX\Common;C:\Program Files\Intel\WiFi\bin\;C:\Program Files\Common Files\Intel\WirelessCommon\;C:\WINDOWS\system32;C:\WINDOWS;C:\WINDOWS\System32\Wbem;C:\WINDOWS\System32\WindowsPowerShell\v1.0\;C:\WINDOWS\System32\OpenSSH\;C:\Program Files\PuTTY\;C:\Program Files (x86)\Java\jdk1.8.0_101\jdk-13.0.2\bin;C:\Users\Kevin_Hanson\AppData\Roaming\Dashlane\4.5.1.15044\bin\Firefox_Extension\{442718d9-475e-452a-b3e1-fb1ee16b8e9f}\components;C:\Users\Kevin_Hanson\AppData\Roaming\Dashlane\4.5.2.16147\bin\Firefox_Extension\{442718d9-475e-452a-b3e1-fb1ee16b8e9f}\components;C:\Users\Kevin_Hanson\AppData\Local\Microsoft\WindowsApps;C:\intelFPGA\17.1\modelsim_ase\win32aloem;C:\Users\Kevin_Hanson\AppData\Local\GitHubDesktop\bin;C:\Users\Kevin_Hanson\Desktop\School Folder;;." />
    <property name="java.vendor" value="Oracle Corporation" />
    <property name="env.LOGONSERVER" value="\\DESKTOP-J4K0AHG" />
    <property name="sun.io.unicode.encoding" value="UnicodeLittle" />
    <property name="env.asl.log" value="Destination=file" />
    <property name="ant.file.test-webapp" value="C:\Users\Kevin_Hanson\Desktop\webapp_tests\test-webapp\build.xml" />
    <property name="env.CPLEX_STUDIO_DIR129" value="C:\Program Files\IBM\ILOG\CPLEX_Studio129" />
    <property name="java.class.path" value="C:\Users\Kevin_Hanson\Desktop\webapp_tests\test-webapp\bin;C:\Users\Kevin_Hanson\.p2\pool\plugins\org.junit.jupiter.api_5.5.1.v20190826-0900.jar;C:\Users\Kevin_Hanson\.p2\pool\plugins\org.junit.jupiter.engine_5.5.1.v20190826-0900.jar;C:\Users\Kevin_Hanson\.p2\pool\plugins\org.junit.jupiter.migrationsupport_5.5.1.v20190826-0900.jar;C:\Users\Kevin_Hanson\.p2\pool\plugins\org.junit.jupiter.params_5.5.1.v20190826-0900.jar;C:\Users\Kevin_Hanson\.p2\pool\plugins\org.junit.platform.commons_1.5.1.v20190826-0900.jar;C:\Users\Kevin_Hanson\.p2\pool\plugins\org.junit.platform.engine_1.5.1.v20190826-0900.jar;C:\Users\Kevin_Hanson\.p2\pool\plugins\org.junit.platform.launcher_1.5.1.v20190826-0900.jar;C:\Users\Kevin_Hanson\.p2\pool\plugins\org.junit.platform.runner_1.5.1.v20190826-0900.jar;C:\Users\Kevin_Hanson\.p2\pool\plugins\org.junit.platform.suite.api_1.5.1.v20190826-0900.jar;C:\Users\Kevin_Hanson\.p2\pool\plugins\org.junit.vintage.engine_5.5.1.v20190826-0900.jar;C:\Users\Kevin_Hanson\.p2\pool\plugins\org.opentest4j_1.2.0.v20190826-0900.jar;C:\Users\Kevin_Hanson\.p2\pool\plugins\org.apiguardian_1.1.0.v20190826-0900.jar;C:\Users\Kevin_Hanson\.p2\pool\plugins\org.junit_4.12.0.v201504281640\junit.jar;C:\Users\Kevin_Hanson\.p2\pool\plugins\org.hamcrest.core_1.3.0.v20180420-1519.jar;C:\Users\Kevin_Hanson\Desktop\webapp_tests\test-webapp\selenium-server-standalone-3.141.59.jar;C:\Users\Kevin_Hanson\.p2\pool\plugins\org.apache.ant_1.10.7.v20190926-0324\lib\ant-launcher.jar;C:\Users\Kevin_Hanson\.p2\pool\plugins\org.apache.ant_1.10.7.v20190926-0324\lib\ant.jar;C:\Users\Kevin_Hanson\.p2\pool\plugins\org.apache.ant_1.10.7.v20190926-0324\lib\ant-junit.jar;C:\Users\Kevin_Hanson\.p2\pool\plugins\org.apache.ant_1.10.7.v20190926-0324\lib\ant-junit4.jar" />
    <property name="source" value="1.8" />
    <property name="java.vm.vendor" value="Oracle Corporation" />
    <property name="env.PROCESSOR_ARCHITECTURE" value="AMD64" />
    <property name="user.variant" value="" />
    <property name="env.SystemRoot" value="C:\WINDOWS" />
    <property name="java.vm.specification.version" value="13" />
    <property name="os.name" value="Windows 10" />
    <property name="sun.java.launcher" value="SUN_STANDARD" />
    <property name="user.country" value="US" />
    <property name="env.USERDOMAIN" value="DESKTOP-J4K0AHG" />
    <property name="sun.cpu.endian" value="little" />
    <property name="user.home" value="C:\Users\Kevin_Hanson" />
    <property name="user.language" value="en" />
    <property name="eclipse.pdebuild.home" value="C:\Users\Kevin_Hanson\eclipse\jee-2019-12\eclipse\..\..\..\.p2\pool\plugins\org.eclipse.pde.build_3.10.600.v20191011-0535\." />
    <property name="ant.java.version" value="13" />
    <property name="env.ALLUSERSPROFILE" value="C:\ProgramData" />
    <property name="env.SESSIONNAME" value="Console" />
    <property name="env.CARBON_MEM_DISABLE" value="1" />
    <property name="env.ANT_HOME" value="C:\Users\Kevin_Hanson\.p2\pool\plugins\org.apache.ant_1.10.7.v20190926-0324" />
    <property name="env.windir" value="C:\WINDOWS" />
    <property name="ant.file" value="C:\Users\Kevin_Hanson\Desktop\webapp_tests\test-webapp\build.xml" />
    <property name="path.separator" value=";" />
    <property name="os.version" value="10.0" />
    <property name="java.runtime.name" value="Java(TM) SE Runtime Environment" />
    <property name="env.CommonProgramFiles(x86)" value="C:\Program Files (x86)\Common Files" />
    <property name="env.PATHEXT" value=".COM;.EXE;.BAT;.CMD;.VBS;.VBE;.JS;.JSE;.WSF;.WSH;.MSC" />
    <property name="ant.project.invoked-targets" value="build,FailedLogin,LoginSuccess,UNOHomePage,CreatePage,SearchAll,SearchName,SearchEmail,SearchMajor,SearchMinor,DeletePage" />
    <property name="java.vm.name" value="Java HotSpot(TM) 64-Bit Server VM" />
    <property name="ECLIPSE_HOME" value="../../../eclipse/jee-2019-12/eclipse/" />
    <property name="ant.core.lib" value="C:\Users\Kevin_Hanson\.p2\pool\plugins\org.apache.ant_1.10.7.v20190926-0324\lib\ant.jar" />
    <property name="java.vendor.url.bug" value="https://bugreport.java.com/bugreport/" />
    <property name="user.dir" value="C:\Users\Kevin_Hanson\Desktop\webapp_tests\test-webapp" />
    <property name="os.arch" value="amd64" />
    <property name="env.USERNAME" value="Kevin_Hanson" />
    <property name="env.OneDriveConsumer" value="C:\Users\Kevin_Hanson\OneDrive" />
    <property name="target" value="1.8" />
    <property name="env.ProgramFiles(x86)" value="C:\Program Files (x86)" />
    <property name="java.vm.info" value="mixed mode, sharing" />
    <property name="java.vm.version" value="13.0.2+8" />
    <property name="env.FPS_BROWSER_USER_PROFILE_STRING" value="Default" />
    <property name="env.TEMP" value="C:\Users\KEVIN_~1\AppData\Local\Temp" />
    <property name="java.class.version" value="57.0" />
    <property name="env.OneDrive" value="C:\Users\Kevin_Hanson\OneDrive" />
    <property name="ant.project.default-target" value="build" />
  </properties>
  <testcase classname="SearchMinor" name="testSearchMinor" time="24.255">
    <error message="chrome not reachable&#xa;  (Session info: chrome=81.0.4044.122)&#xa;Build info: version: &apos;3.141.59&apos;, revision: &apos;e82be7d358&apos;, time: &apos;2018-11-14T08:25:53&apos;&#xa;System info: host: &apos;DESKTOP-J4K0AHG&apos;, ip: &apos;192.168.1.6&apos;, os.name: &apos;Windows 10&apos;, os.arch: &apos;amd64&apos;, os.version: &apos;10.0&apos;, java.version: &apos;13.0.2&apos;&#xa;Driver info: org.openqa.selenium.chrome.ChromeDriver&#xa;Capabilities {acceptInsecureCerts: false, browserName: chrome, browserVersion: 81.0.4044.122, chrome: {chromedriverVersion: 81.0.4044.69 (6813546031a4b..., userDataDir: C:\Users\KEVIN_~1\AppData\L...}, goog:chromeOptions: {debuggerAddress: localhost:52262}, javascriptEnabled: true, networkConnectionEnabled: false, pageLoadStrategy: normal, platform: WINDOWS, platformName: WINDOWS, proxy: Proxy(), setWindowRect: true, strictFileInteractability: false, timeouts: {implicit: 0, pageLoad: 300000, script: 30000}, unhandledPromptBehavior: dismiss and notify, webauthn:virtualAuthenticators: true}&#xa;Session ID: 1d64f78b6946a588590e0c0c54161d48&#xa;*** Element info: {Using=link text, value=Search Students}" type="org.openqa.selenium.WebDriverException">org.openqa.selenium.WebDriverException: chrome not reachable
  (Session info: chrome=81.0.4044.122)
Build info: version: &apos;3.141.59&apos;, revision: &apos;e82be7d358&apos;, time: &apos;2018-11-14T08:25:53&apos;
System info: host: &apos;DESKTOP-J4K0AHG&apos;, ip: &apos;192.168.1.6&apos;, os.name: &apos;Windows 10&apos;, os.arch: &apos;amd64&apos;, os.version: &apos;10.0&apos;, java.version: &apos;13.0.2&apos;
Driver info: org.openqa.selenium.chrome.ChromeDriver
Capabilities {acceptInsecureCerts: false, browserName: chrome, browserVersion: 81.0.4044.122, chrome: {chromedriverVersion: 81.0.4044.69 (6813546031a4b..., userDataDir: C:\Users\KEVIN_~1\AppData\L...}, goog:chromeOptions: {debuggerAddress: localhost:52262}, javascriptEnabled: true, networkConnectionEnabled: false, pageLoadStrategy: normal, platform: WINDOWS, platformName: WINDOWS, proxy: Proxy(), setWindowRect: true, strictFileInteractability: false, timeouts: {implicit: 0, pageLoad: 300000, script: 30000}, unhandledPromptBehavior: dismiss and notify, webauthn:virtualAuthenticators: true}
Session ID: 1d64f78b6946a588590e0c0c54161d48
*** Element info: {Using=link text, value=Search Students}
	at java.base/jdk.internal.reflect.NativeConstructorAccessorImpl.newInstance0(Native Method)
	at java.base/jdk.internal.reflect.NativeConstructorAccessorImpl.newInstance(NativeConstructorAccessorImpl.java:62)
	at java.base/jdk.internal.reflect.DelegatingConstructorAccessorImpl.newInstance(DelegatingConstructorAccessorImpl.java:45)
	at java.base/java.lang.reflect.Constructor.newInstanceWithCaller(Constructor.java:500)
	at java.base/java.lang.reflect.Constructor.newInstance(Constructor.java:481)
	at org.openqa.selenium.remote.http.W3CHttpResponseCodec.createException(W3CHttpResponseCodec.java:187)
	at org.openqa.selenium.remote.http.W3CHttpResponseCodec.decode(W3CHttpResponseCodec.java:122)
	at org.openqa.selenium.remote.http.W3CHttpResponseCodec.decode(W3CHttpResponseCodec.java:49)
	at org.openqa.selenium.remote.HttpCommandExecutor.execute(HttpCommandExecutor.java:158)
	at org.openqa.selenium.remote.service.DriverCommandExecutor.execute(DriverCommandExecutor.java:83)
	at org.openqa.selenium.remote.RemoteWebDriver.execute(RemoteWebDriver.java:552)
	at org.openqa.selenium.remote.RemoteWebDriver.findElement(RemoteWebDriver.java:323)
	at org.openqa.selenium.remote.RemoteWebDriver.findElementByLinkText(RemoteWebDriver.java:380)
	at org.openqa.selenium.By$ByLinkText.findElement(By.java:220)
	at org.openqa.selenium.remote.RemoteWebDriver.findElement(RemoteWebDriver.java:315)
	at SearchMinor.testSearchMinor(SearchMinor.java:30)
	at java.base/jdk.internal.reflect.NativeMethodAccessorImpl.invoke0(Native Method)
	at java.base/jdk.internal.reflect.NativeMethodAccessorImpl.invoke(NativeMethodAccessorImpl.java:62)
	at java.base/jdk.internal.reflect.DelegatingMethodAccessorImpl.invoke(DelegatingMethodAccessorImpl.java:43)
</error>
  </testcase>
  <system-out><![CDATA[]]></system-out>
  <system-err><![CDATA[Starting ChromeDriver 81.0.4044.69 (6813546031a4bc83f717a2ef7cd4ac6ec1199132-refs/branch-heads/4044@{#776}) on port 40551
Only local connections are allowed.
Please protect ports used by ChromeDriver and related test frameworks to prevent access by malicious code.
Apr 28, 2020 3:18:01 AM org.openqa.selenium.remote.ProtocolHandshake createSession
INFO: Detected dialect: W3C
[1588061882.715][SEVERE]: Timed out receiving message from renderer: 0.100
[1588061882.819][SEVERE]: Timed out receiving message from renderer: 0.100
[1588061882.930][SEVERE]: Timed out receiving message from renderer: 0.100
[1588061883.032][SEVERE]: Timed out receiving message from renderer: 0.100
[1588061883.134][SEVERE]: Timed out receiving message from renderer: 0.100
[1588061883.237][SEVERE]: Timed out receiving message from renderer: 0.100
[1588061883.344][SEVERE]: Timed out receiving message from renderer: 0.100
[1588061883.451][SEVERE]: Timed out receiving message from renderer: 0.100
[1588061883.555][SEVERE]: Timed out receiving message from renderer: 0.100
[1588061883.659][SEVERE]: Timed out receiving message from renderer: 0.100
[1588061883.772][SEVERE]: Timed out receiving message from renderer: 0.100
[1588061883.883][SEVERE]: Timed out receiving message from renderer: 0.100
[1588061883.986][SEVERE]: Timed out receiving message from renderer: 0.100
[1588061884.090][SEVERE]: Timed out receiving message from renderer: 0.100
[1588061884.191][SEVERE]: Timed out receiving message from renderer: 0.100
[1588061884.295][SEVERE]: Timed out receiving message from renderer: 0.100
[1588061884.402][SEVERE]: Timed out receiving message from renderer: 0.100
[1588061884.505][SEVERE]: Timed out receiving message from renderer: 0.100
[1588061884.611][SEVERE]: Timed out receiving message from renderer: 0.100
[1588061884.727][SEVERE]: Timed out receiving message from renderer: 0.100
[1588061891.752][WARNING]: Timed out connecting to Chrome, retrying...
]]></system-err>
</testsuite>
